<?xml version="1.0" encoding="UTF-8"?>
<testsuite name="eleks.com.DefinitionTestSuite" time="0.005" tests="1" errors="1" skipped="0" failures="0">
  <properties>
[...]
</properties>
  <testcase name="initializationError" classname="eleks.com.DefinitionTestSuite" time="0.005">
    <error message="cucumber.runtime.RuntimeOptions.getJunitOptions()Ljava/util/List;" type="java.lang.NoSuchMethodError"><![CDATA[java.lang.NoSuchMethodError: cucumber.runtime.RuntimeOptions.getJunitOptions()Ljava/util/List;
	at cucumber.api.junit.Cucumber.<init>(Cucumber.java:61)
	at net.serenitybdd.cucumber.CucumberWithSerenity.<init>(CucumberWithSerenity.java:32)
	at sun.reflect.NativeConstructorAccessorImpl.newInstance0(Native Method)
	at sun.reflect.NativeConstructorAccessorImpl.newInstance(NativeConstructorAccessorImpl.java:62)
	at sun.reflect.DelegatingConstructorAccessorImpl.newInstance(DelegatingConstructorAccessorImpl.java:45)
	at java.lang.reflect.Constructor.newInstance(Constructor.java:423)
	at org.junit.internal.builders.AnnotatedBuilder.buildRunner(AnnotatedBuilder.java:104)
	at org.junit.internal.builders.AnnotatedBuilder.runnerForClass(AnnotatedBuilder.java:86)
	at org.junit.runners.model.RunnerBuilder.safeRunnerForClass(RunnerBuilder.java:59)
	at org.junit.internal.builders.AllDefaultPossibilitiesBuilder.runnerForClass(AllDefaultPossibilitiesBuilder.java:26)
	at org.junit.runners.model.RunnerBuilder.safeRunnerForClass(RunnerBuilder.java:59)
	at org.junit.internal.requests.ClassRequest.getRunner(ClassRequest.java:33)
	at org.apache.maven.surefire.junit4.JUnit4Provider.execute(JUnit4Provider.java:283)
	at org.apache.maven.surefire.junit4.JUnit4Provider.executeWithRerun(JUnit4Provider.java:173)
	at org.apache.maven.surefire.junit4.JUnit4Provider.executeTestSet(JUnit4Provider.java:153)
	at org.apache.maven.surefire.junit4.JUnit4Provider.invoke(JUnit4Provider.java:128)
	at org.apache.maven.surefire.booter.ForkedBooter.invokeProviderInSameClassLoader(ForkedBooter.java:203)
	at org.apache.maven.surefire.booter.ForkedBooter.runSuitesInProcess(ForkedBooter.java:155)
	at org.apache.maven.surefire.booter.ForkedBooter.main(ForkedBooter.java:103)
]]></error>
    <system-err><![CDATA[[main] INFO net.thucydides.core.util.PropertiesFileLocalPreferences - LOADING LOCAL PROPERTIES FROM C:\AutomationTesting\Projects\IUA_Serenity_BDD_Cucumber\serenity.properties 
[main] INFO net.thucydides.core.util.PropertiesFileLocalPreferences - LOADING LOCAL PROPERTIES FROM C:\AutomationTesting\Projects\IUA_Serenity_BDD_Cucumber\serenity.properties 
[main] INFO net.thucydides.core.util.PropertiesFileLocalPreferences - LOADING LOCAL PROPERTIES FROM C:\AutomationTesting\Projects\IUA_Serenity_BDD_Cucumber\serenity.properties 
[main] INFO net.thucydides.core.util.PropertiesFileLocalPreferences - serenity.project.name=Demo Project using Serenity and Cucumber
]]></system-err>
  </testcase>
</testsuite>